<?xml version="1.0" encoding="UTF-8"?>
<!-- Generated by org.testng.reporters.JUnitReportReporter -->
<testsuite hostname="MSI" failures="0" tests="6" name="api.test.DataDriventests" time="8.505" errors="0" timestamp="2024-11-10T13:34:49 IST" skipped="0">
  <testcase classname="api.test.DataDriventests" name="testpostuser" time="1.180"/>
  <system-out/>
  <testcase classname="api.test.DataDriventests" name="testpostuser" time="1.057"/>
  <system-out/>
  <testcase classname="api.test.DataDriventests" name="testpostuser" time="2.810"/>
  <system-out/>
  <testcase classname="api.test.DataDriventests" name="testdeleteuser" time="1.137"/>
  <system-out/>
  <testcase classname="api.test.DataDriventests" name="testdeleteuser" time="1.140"/>
  <system-out/>
  <testcase classname="api.test.DataDriventests" name="testdeleteuser" time="1.181"/>
  <system-out/>
</testsuite> <!-- api.test.DataDriventests -->
