<?xml version="1.0" encoding="UTF-8"?>
<!-- Generated by org.testng.reporters.JUnitReportReporter -->
<testsuite hostname="MSI" failures="0" tests="4" name="api.test.UserTests" time="10.130" errors="0" timestamp="2024-11-10T17:22:37 IST" skipped="0">
  <testcase classname="api.test.UserTests" name="testpostuser" time="5.451"/>
  <system-out/>
  <testcase classname="api.test.UserTests" name="testgetuser" time="1.620"/>
  <system-out/>
  <testcase classname="api.test.UserTests" name="testupdateuser" time="1.627"/>
  <system-out/>
  <testcase classname="api.test.UserTests" name="testdeleteuser" time="1.432"/>
  <system-out/>
</testsuite> <!-- api.test.UserTests -->
