<?xml version="1.0" encoding="UTF-8"?>
<!-- Generated by org.testng.reporters.JUnitReportReporter -->
<testsuite hostname="MSI" failures="0" tests="4" name="api.test.UserTests" time="9.189" errors="0" timestamp="2024-11-10T18:32:42 IST" skipped="0">
  <testcase classname="api.test.UserTests" name="testpostuser" time="4.643"/>
  <system-out/>
  <testcase classname="api.test.UserTests" name="testgetuser" time="1.497"/>
  <system-out/>
  <testcase classname="api.test.UserTests" name="testupdateuser" time="1.618"/>
  <system-out/>
  <testcase classname="api.test.UserTests" name="testdeleteuser" time="1.431"/>
  <system-out/>
</testsuite> <!-- api.test.UserTests -->
